--- report/c_hexdump.txt	2025-03-09 12:16:43.352973321 +0530
+++ report/go_hexdump.txt	2025-03-09 12:16:43.355973225 +0530
@@ -1,65 +1,11 @@
 00000000  00 00 00 00 00 00 00 00  00 00 00 00 00 00 00 00  |................|
 *
-00000400  e2 e1 f5 e0 15 9a 48 73  03 00 00 00 0c 00 24 00  |......Hs......$.|
+00000400  e2 e1 f5 e0 76 37 08 c0  03 00 00 00 0c 00 01 00  |....v7..........|
 00000410  06 00 00 00 00 00 00 00  53 39 cd 67 00 00 00 00  |........S9.g....|
-00000420  fa 48 05 00 03 00 00 00  00 00 00 00 00 00 00 00  |.H..............|
-00000430  0a 1c 4e ea 10 99 4d 96  82 35 b9 e8 1d a5 7b ac  |..N...M..5....{.|
+00000420  51 8e e5 14 02 00 00 00  01 00 00 00 00 00 00 00  |Q...............|
+00000430  1f 47 6a bf e9 a5 44 e5  95 ed 2c f0 7a 67 7b 1f  |.Gj...D...,.zg{.|
 00000440  00 00 00 00 00 00 00 00  00 00 00 00 00 00 00 00  |................|
+00000450  01 00 00 00 00 00 00 00  00 00 0c 00 00 00 00 00  |................|
+00000460  00 00 00 00 00 00 00 00  00 00 00 00 00 00 00 00  |................|
 *
-00000480  05 00 00 00 fd 41 00 00  6b 00 00 00 00 00 00 00  |.....A..k.......|
-00000490  ff ff ff ff 01 00 00 00  e8 03 00 00 e8 03 00 00  |................|
-000004a0  60 30 cd 67 00 00 00 00  b0 2c d3 1f 03 00 00 00  |`0.g.....,......|
-000004b0  00 00 00 00 00 00 00 00  00 00 00 00 00 00 00 00  |................|
-000004c0  24 00 00 00 00 00 00 00  48 00 02 00 24 00 00 00  |$.......H...$...|
-000004d0  00 00 00 00 49 00 02 00  2a 00 00 00 00 00 00 00  |....I...*.......|
-000004e0  4b 00 01 00 2d 00 00 00  00 00 00 00 54 00 01 00  |K...-.......T...|
-000004f0  6f 00 00 00 00 00 00 00  5e 00 02 00 73 00 00 00  |o.......^...s...|
-00000500  00 00 00 00 64 00 07 00  2e 2e 2e 68 65 6c 6c 6f  |....d......hello|
-00000510  2e 74 78 74 72 61 6e 64  6f 6d 2e 62 69 6e 73 75  |.txtrandom.binsu|
-00000520  62 64 69 72 73 79 6d 6c  69 6e 6b 00 00 00 00 00  |bdirsymlink.....|
-00000530  00 00 00 00 00 00 00 00  00 00 00 00 00 00 00 00  |................|
-00000540  05 00 00 00 b4 81 00 00  0e 00 00 00 00 00 00 00  |................|
-00000550  ff ff ff ff 02 00 00 00  e8 03 00 00 e8 03 00 00  |................|
-00000560  2d 32 cd 67 00 00 00 00  95 9d 72 17 01 00 00 00  |-2.g......r.....|
-00000570  00 00 00 00 00 00 00 00  00 00 00 00 00 00 00 00  |................|
-00000580  48 65 6c 6c 6f 2c 20 57  6f 72 6c 64 21 0a 00 00  |Hello, World!...|
-00000590  00 00 00 00 00 00 00 00  00 00 00 00 00 00 00 00  |................|
-000005a0  05 00 00 00 b4 81 00 00  00 28 00 00 00 00 00 00  |.........(......|
-000005b0  01 00 00 00 03 00 00 00  e8 03 00 00 e8 03 00 00  |................|
-000005c0  2d 32 cd 67 00 00 00 00  95 9d 72 17 01 00 00 00  |-2.g......r.....|
-000005d0  00 00 00 00 00 00 00 00  00 00 00 00 00 00 00 00  |................|
-000005e0  de ef e1 f5 00 7b 9d 54  2a 9c 44 b4 e2 42 f2 3d  |.....{.T*.D..B.=|
-000005f0  5f d8 c2 02 b1 8d df a7  ee 40 cb 27 a5 87 77 79  |_........@.'..wy|
-00000600  a8 d5 a6 a6 81 82 71 6d  1d 9c af c2 3e 50 69 d1  |......qm....>Pi.|
-00000610  ec af 21 73 0b 7c ab f3  6e e9 ea f6 a5 9f 66 a9  |..!s.|..n.....f.|
-00000620  a5 07 d7 9e 12 99 c6 7a  a3 c8 69 db db b0 84 83  |.......z..i.....|
-00000630  39 78 90 ca 46 2a d2 53  39 20 86 f7 16 19 38 6e  |9x..F*.S9 ....8n|
-00000640  57 cc 8b 9d a3 d9 0b cb  fd e3 c9 5f 5c 36 89 72  |W.........._\6.r|
-00000650  a3 bd 8c 80 cc 91 f8 08  a6 36 34 52 c5 30 93 d1  |.........64R.0..|
-00000660  07 f2 eb 26 84 aa 21 73  13 cb 7f c0 a1 e2 c3 89  |...&..!s........|
-00000670  a4 60 db 2f c6 d0 4b 2f  d3 eb 76 70 87 a5 ba e6  |.`./..K/..vp....|
-00000680  a4 79 00 ab ef 35 3a 9e  ca f8 61 cc af db b6 ff  |.y...5:...a.....|
-00000690  24 64 a5 e8 9d 51 ab 03  aa 17 d8 fe 7c e4 4a 76  |$d...Q......|.Jv|
-000006a0  7c 34 9d 30 f9 13 58 74  34 81 cb f1 7e 52 3b cf  ||4.0..Xt4...~R;.|
-000006b0  c7 fd f7 82 24 84 bf 72  16 dc f1 e1 3a 00 bc 19  |....$..r....:...|
-000006c0  b3 f1 07 b5 e0 bb 14 d9  bd 68 aa 21 01 c8 1f 57  |.........h.!...W|
-000006d0  24 21 ab 10 05 c0 a9 2a  3f be 1e 25 c4 fe af a1  |$!.....*?..%....|
-000006e0  04 64 6e 75 f2 e1 6d cc  9f 1d 97 e4 c3 8b 94 3c  |.dnu..m........<|
-000006f0  30 9f 1e ec 6c 70 d4 83  cd 9b 78 c9 b4 2d d1 8b  |0...lp....x..-..|
-00000700  b6 0e 62 97 99 2a c5 05  4a 93 85 79 d0 6f 42 b4  |..b..*..J..y.oB.|
-00000710  3b 1d 74 df 22 f7 69 2d  6f c8 c6 99 d7 bf 70 b6  |;.t.".i-o.....p.|
-00000720  14 76 51 e6 9e 88 55 f2  5a 8b e0 80 80 2b 50 3a  |.vQ...U.Z....+P:|
-00000730  1d 08 8e 7d 01 22 ae 7b  59 ba 95 d9 bd 11 df 4d  |...}.".{Y......M|
-00000740  db 34 2f e3 cc 60 24 15  19 4e 3e c4 2d 52 5f 4d  |.4/..`$..N>.-R_M|
-00000750  ee 6f ec 5a 81 22 ab b3  4a ca d7 b1 51 3c 19 ef  |.o.Z."..J...Q<..|
-00000760  06 5c 2e e6 36 99 1c 01  dd 8e 10 3a 13 15 5e 51  |.\..6......:..^Q|
-00000770  6d b4 e2 2e 46 75 f8 64  ac d0 40 b4 2a d9 3e 94  |m...Fu.d..@.*.>.|
-00000780  7d ee 9e a1 fe 48 27 53  ca 7a 6e 29 1f 8a d1 f4  |}....H'S.zn)....|
-00000790  9f 48 32 f0 ae e8 cd 5c  eb 2f fc 17 98 a0 ba f4  |.H2....\./......|
-000007a0  60 9f 2e b8 25 10 b7 cc  d4 be 21 25 b9 75 c6 be  |`...%.....!%.u..|
-000007b0  db ea 76 34 8a d8 77 a5  c2 75 2f 32 74 90 0d c4  |..v4..w..u/2t...|
-000007c0  51 d6 15 cd 12 85 a0 ca  2c 0e 2b c0 0f 49 0f 0d  |Q.......,.+..I..|
-000007d0  cd 4b 04 74 45 0e cb c2  c9 52 84 0d d2 d2 5c f0  |.K.tE....R....\.|
-000007e0  5c 56 48 34 92 61 df d6  0b 77 0f 32 a1 ea d3 95  |\VH4.a...w.2....|
-000007f0  d9 f2 98 96 bb 80 61 66  14 48 31 39 f0 37 f3 64  |......af.H19.7.d|
 00000800
